
The following have been reloaded with a version change:
  1) matlab/R2020a => matlab/R2018b


--------------------------------------------------------------------------------
       Segmentation violation detected at Fri May 07 00:40:46 2021 -0400
--------------------------------------------------------------------------------

Configuration:
  Crash Decoding           : Disabled - No sandbox or build area path
  Crash Mode               : continue (default)
  Default Encoding         : UTF-8
  Deployed                 : false
  GNU C Library            : 2.17 stable
  Graphics Driver          : Unknown software 
  Java Version             : Java 1.8.0_152-b16 with Oracle Corporation Java HotSpot(TM) 64-Bit Server VM mixed mode
  MATLAB Architecture      : glnxa64
  MATLAB Entitlement ID    : 1837456
  MATLAB Root              : /sw/arcts/centos7/matlab/R2018b
  MATLAB Version           : 9.5.0.944444 (R2018b)
  OpenGL                   : software
  Operating System         : "CentOS Linux release 7.9.2009 (Core)"
  Process ID               : 32146
  Processor ID             : x86 Family 6 Model 85 Stepping 4, GenuineIntel
  Session Key              : 22f06884-afb0-4464-ae32-5704a3b8bf94
  Static TLS mitigation    : Disabled: Unable to open display
  Window System            : No active display

Fault Count: 1


Abnormal termination

Register State (from fault):
  RAX = 0000000000000000  RBX = 0000000000000000
  RCX = 00002b66a04b85a8  RDX = 00002b6698017e00
  RSP = 00002b66a04b7370  RBP = 00002b66a04b73c0
  RSI = 00002b6698017e00  RDI = 0000000000000000

   R8 = 00002b6698017e00   R9 = 0000000000000000
  R10 = 00002b66700cf420  R11 = 00002b69f4064e20
  R12 = 00002b66a04b73e0  R13 = 00002b66a04b7380
  R14 = 00002b6a0120db10  R15 = 00002b66a17c1b30

  RIP = 00002b67ef840641  EFL = 0000000000010246

   CS = 0033   FS = 0000   GS = 0000

Stack Trace (from fault):
[  0] 0x00002b67ef840641                        bin/glnxa64/libmwhgutils.so+00620097 _ZN7hgutils17BaseObjectCOSInfo9getClientEv+00000001
[  1] 0x00002b67fc26376f                             bin/glnxa64/libmwhg.so+02504559
[  2] 0x00002b67fc280a38                             bin/glnxa64/libmwhg.so+02624056
[  3] 0x00002b67fc281cb7                             bin/glnxa64/libmwhg.so+02628791
[  4] 0x00002b67fc2d5eb5                             bin/glnxa64/libmwhg.so+02973365
[  5] 0x00002b67fc3d4478                             bin/glnxa64/libmwhg.so+04015224
[  6] 0x00002b67fc4350d9                             bin/glnxa64/libmwhg.so+04411609
[  7] 0x00002b666f30da11                       bin/glnxa64/libmwservices.so+02996753
[  8] 0x00002b666f30e422                       bin/glnxa64/libmwservices.so+02999330
[  9] 0x00002b666f30ed3b                       bin/glnxa64/libmwservices.so+03001659 _Z25svWS_ProcessPendingEventsiib+00000187
[ 10] 0x00002b668862c32c                            bin/glnxa64/libmwmcr.so+00709420
[ 11] 0x00002b668862cb08                            bin/glnxa64/libmwmcr.so+00711432
[ 12] 0x00002b6688624d92                            bin/glnxa64/libmwmcr.so+00679314
[ 13] 0x00002b667190eea5                             /lib64/libpthread.so.0+00032421
[ 14] 0x00002b667008e96d                                   /lib64/libc.so.6+01042797 clone+00000109
[ 15] 0x0000000000000000                                   <unknown-module>+00000000

** This crash report has been saved to disk as /home/gharahih/matlab_crash_dump.32146-1 **



MATLAB is exiting because of fatal error
/var/spool/slurmd.spool/job20051389/slurm_script: line 21: 32146 Killed                  matlab -nodisplay -r -noFigureWindows -nosplash "AutoRegModelTimeDep" > Pig2.out
